This is LuaTeX, Version 1.10.0 (TeX Live 2019/Arch Linux)  (format=lualatex 2020.3.30)  4 APR 2020 21:51
 restricted system commands enabled.
 file:line:error style messages enabled.
**master.tex
(./master.tex
LaTeX2e <2019-10-01> patch level 1
Lua module: luaotfload-main 2019-09-13 3.00 luaotfload entry point
Lua module: luaotfload-init 2019-09-13 3.00 luaotfload submodule / initializatio
n
Lua module: lualibs 2019-08-11 2.67 ConTeXt Lua standard libraries.
Lua module: lualibs-extended 2019-08-11 2.67 ConTeXt Lua libraries -- extended c
ollection.
Lua module: luaotfload-log 2019-09-13 3.00 luaotfload submodule / logging
Lua module: luaotfload-parsers 2019-09-13 3.00 luaotfload submodule / filelist
Lua module: luaotfload-configuration 2019-09-13 3.00 luaotfload submodule / conf
ig file reader
luaotfload | conf : Root cache directory is /home/spirou/.texlive/texmf-var/luat
ex-cache/generic/names.
luaotfload | init : Loading fontloader “fontloader-2019-08-11.lua” from kpse
-resolved path “/usr/share/texmf-dist/tex/luatex/luaotfload/fontloader-2019-08
-11.lua”.
Lua-only attribute luaotfload@state = 2
Lua-only attribute luaotfload@noligature = 3
Lua-only attribute luaotfload@syllabe = 4
luaotfload | init : Context OpenType loader version “3.109”
Inserting `luaotfload.node_processor' at position 1 in `pre_linebreak_filter'.
Inserting `luaotfload.node_processor' at position 1 in `hpack_filter'.
Lua module: luaotfload-loaders 2019-09-13 3.00 luaotfload submodule / callback h
andling
Inserting `luaotfload.define_font' at position 1 in `define_font'.
Lua module: luaotfload-database 2019-09-13 3.00 luaotfload submodule / database
Lua module: luaotfload-unicode 2019-09-13 3.00 luaotfload submodule / Unicode he
lpers
Lua module: luaotfload-colors 2019-09-13 3.00 luaotfload submodule / color
Lua-only attribute luaotfload_color_attribute = 5
Lua module: luaotfload-resolvers 2019-09-13 3.00 luaotfload submodule / resolver
s
luaotfload | conf : Root cache directory is /home/spirou/.texlive/texmf-var/luat
ex-cache/generic/names.
Lua module: luaotfload-features 2019-09-13 3.00 luaotfload submodule / features
Lua module: luaotfload-letterspace 2019-09-13 3.00 luaotfload submodule / color
Lua module: luaotfload-embolden 2019-09-13 3.00 luaotfload submodule / color
Lua module: luaotfload-notdef 2019-09-13 3.00 luaotfload submodule / color
Lua module: luaotfload-auxiliary 2019-09-13 3.00 luaotfload submodule / auxiliar
y functions
Inserting `luaotfload.aux.set_sscale_dimens' at position 1 in `luaotfload.patch_
font'.
Inserting `luaotfload.aux.patch_cambria_domh' at position 2 in `luaotfload.patch
_font'.
Inserting `luaotfload.aux.fixup_fontdata' at position 1 in `luaotfload.patch_fon
t_unsafe'.
Inserting `luaotfload.aux.set_capheight' at position 3 in `luaotfload.patch_font
'.
Inserting `luaotfload.aux.set_xheight' at position 4 in `luaotfload.patch_font'.
Lua module: luaotfload-multiscript 2019-09-13 3.00 luaotfload submodule / multis
cript
Inserting `luaotfload.rewrite_fontname' at position 5 in `luaotfload.patch_font'
.
luaotfload | main : initialization completed in 0.096 seconds
(/usr/share/texmf-dist/tex/latex/base/article.cls
Document Class: article 2019/08/27 v1.4j Standard LaTeX document class
(/usr/share/texmf-dist/tex/latex/base/size10.clo
File: size10.clo 2019/08/27 v1.4j Standard LaTeX file (size option)
luaotfload | db : Font names database loaded from /home/spirou/.texlive/texmf-va
r/luatex-cache/generic/names/luaotfload-names.luc)
\c@part=\count80
\c@section=\count81
\c@subsection=\count82
\c@subsubsection=\count83
\c@paragraph=\count84
\c@subparagraph=\count85
\c@figure=\count86
\c@table=\count87
\abovecaptionskip=\skip41
\belowcaptionskip=\skip42
\bibindent=\dimen102
)
(/usr/share/texmf-dist/tex/latex/fontspec/fontspec.sty
(/usr/share/texmf-dist/tex/latex/l3packages/xparse/xparse.sty
(/usr/share/texmf-dist/tex/latex/l3kernel/expl3.sty
Package: expl3 2019-10-28 L3 programming layer (loader) 

(/usr/share/texmf-dist/tex/latex/l3kernel/expl3-code.tex
Package: expl3 2019-10-28 L3 programming layer (code)
\c_max_int=\count88
\l_tmpa_int=\count89
\l_tmpb_int=\count90
\g_tmpa_int=\count91
\g_tmpb_int=\count92
\l__seq_internal_a_int=\count93
\l__seq_internal_b_int=\count94
\g__kernel_prg_map_int=\count95
\c__ior_term_noprompt_ior=\count96
\c_log_iow=\count97
\l_iow_line_count_int=\count98
\l__iow_line_target_int=\count99
\l__iow_one_indent_int=\count100
\l__iow_indent_int=\count101
\c_zero_dim=\dimen103
\c_max_dim=\dimen104
\l_tmpa_dim=\dimen105
\l_tmpb_dim=\dimen106
\g_tmpa_dim=\dimen107
\g_tmpb_dim=\dimen108
\c_zero_skip=\skip43
\c_max_skip=\skip44
\l_tmpa_skip=\skip45
\l_tmpb_skip=\skip46
\g_tmpa_skip=\skip47
\g_tmpb_skip=\skip48
\c_zero_muskip=\muskip10
\c_max_muskip=\muskip11
\l_tmpa_muskip=\muskip12
\l_tmpb_muskip=\muskip13
\g_tmpa_muskip=\muskip14
\g_tmpb_muskip=\muskip15
\l_keys_choice_int=\count102
\l__intarray_loop_int=\count103
\c__intarray_sp_dim=\dimen109
\g__intarray_font_int=\count104
\c__fp_leading_shift_int=\count105
\c__fp_middle_shift_int=\count106
\c__fp_trailing_shift_int=\count107
\c__fp_big_leading_shift_int=\count108
\c__fp_big_middle_shift_int=\count109
\c__fp_big_trailing_shift_int=\count110
\c__fp_Bigg_leading_shift_int=\count111
\c__fp_Bigg_middle_shift_int=\count112
\c__fp_Bigg_trailing_shift_int=\count113
\g__fp_array_int=\count114
\l__fp_array_loop_int=\count115
\l__sort_length_int=\count116
\l__sort_min_int=\count117
\l__sort_top_int=\count118
\l__sort_max_int=\count119
\l__sort_true_max_int=\count120
\l__sort_block_int=\count121
\l__sort_begin_int=\count122
\l__sort_end_int=\count123
\l__sort_A_int=\count124
\l__sort_B_int=\count125
\l__sort_C_int=\count126
\l__str_internal_int=\count127
\l__tl_analysis_normal_int=\count128
\l__tl_analysis_index_int=\count129
\l__tl_analysis_nesting_int=\count130
\l__tl_analysis_type_int=\count131
\l__regex_internal_a_int=\count132
\l__regex_internal_b_int=\count133
\l__regex_internal_c_int=\count134
\l__regex_balance_int=\count135
\l__regex_group_level_int=\count136
\l__regex_mode_int=\count137
\c__regex_cs_in_class_mode_int=\count138
\c__regex_cs_mode_int=\count139
\l__regex_catcodes_int=\count140
\l__regex_default_catcodes_int=\count141
\c__regex_catcode_L_int=\count142
\c__regex_catcode_O_int=\count143
\c__regex_catcode_A_int=\count144
\c__regex_all_catcodes_int=\count145
\l__regex_show_lines_int=\count146
\l__regex_min_state_int=\count147
\l__regex_max_state_int=\count148
\l__regex_left_state_int=\count149
\l__regex_right_state_int=\count150
\l__regex_capturing_group_int=\count151
\l__regex_min_pos_int=\count152
\l__regex_max_pos_int=\count153
\l__regex_curr_pos_int=\count154
\l__regex_start_pos_int=\count155
\l__regex_success_pos_int=\count156
\l__regex_curr_char_int=\count157
\l__regex_curr_catcode_int=\count158
\l__regex_last_char_int=\count159
\l__regex_case_changed_char_int=\count160
\l__regex_curr_state_int=\count161
\l__regex_step_int=\count162
\l__regex_min_active_int=\count163
\l__regex_max_active_int=\count164
\l__regex_replacement_csnames_int=\count165
\l__regex_match_count_int=\count166
\l__regex_min_submatch_int=\count167
\l__regex_submatch_int=\count168
\l__regex_zeroth_submatch_int=\count169
\g__regex_trace_regex_int=\count170
\c_empty_box=\box27
\l_tmpa_box=\box28
\l_tmpb_box=\box29
\g_tmpa_box=\box30
\g_tmpb_box=\box31
\l__box_top_dim=\dimen110
\l__box_bottom_dim=\dimen111
\l__box_left_dim=\dimen112
\l__box_right_dim=\dimen113
\l__box_top_new_dim=\dimen114
\l__box_bottom_new_dim=\dimen115
\l__box_left_new_dim=\dimen116
\l__box_right_new_dim=\dimen117
\l__box_internal_box=\box32
\l__coffin_internal_box=\box33
\l__coffin_internal_dim=\dimen118
\l__coffin_offset_x_dim=\dimen119
\l__coffin_offset_y_dim=\dimen120
\l__coffin_x_dim=\dimen121
\l__coffin_y_dim=\dimen122
\l__coffin_x_prime_dim=\dimen123
\l__coffin_y_prime_dim=\dimen124
\c_empty_coffin=\box34
\l__coffin_aligned_coffin=\box35
\l__coffin_aligned_internal_coffin=\box36
\l_tmpa_coffin=\box37
\l_tmpb_coffin=\box38
\g_tmpa_coffin=\box39
\g_tmpb_coffin=\box40
\l__coffin_bounding_shift_dim=\dimen125
\l__coffin_left_corner_dim=\dimen126
\l__coffin_right_corner_dim=\dimen127
\l__coffin_bottom_corner_dim=\dimen128
\l__coffin_top_corner_dim=\dimen129
\l__coffin_scaled_total_height_dim=\dimen130
\l__coffin_scaled_width_dim=\dimen131
\c__coffin_empty_coffin=\box41
\l__coffin_display_coffin=\box42
\l__coffin_display_coord_coffin=\box43
\l__coffin_display_pole_coffin=\box44
\l__coffin_display_offset_dim=\dimen132
\l__coffin_display_x_dim=\dimen133
\l__coffin_display_y_dim=\dimen134
\g__char_data_ior=\read1

(/usr/share/texmf-dist/tex/latex/l3kernel/l3deprecation.def
File: l3deprecation.def 2019-04-06 v L3 Deprecated functions
))
(/usr/share/texmf-dist/tex/latex/l3backend/l3backend-pdfmode.def
File: l3backend-pdfmode.def 2019-04-06 L3 backend support: PDF mode
\l__kernel_color_stack_int=\count171
\l__pdf_internal_box=\box45
))
Package: xparse 2019-10-11 L3 Experimental document command parser
\l__xparse_current_arg_int=\count172
\g__xparse_grabber_int=\count173
\l__xparse_m_args_int=\count174
\l__xparse_v_nesting_int=\count175
)
Package: fontspec 2019/10/19 v2.7d Font selection for XeLaTeX and LuaLaTeX
Lua module: fontspec 2019/10/19 2.7d Font selection for XeLaTeX and LuaLaTeX
(/usr/share/texmf-dist/tex/latex/fontspec/fontspec-luatex.sty
Package: fontspec-luatex 2019/10/19 v2.7d Font selection for XeLaTeX and LuaLaTe
X
\l__fontspec_script_int=\count176
\l__fontspec_language_int=\count177
\l__fontspec_strnum_int=\count178
\l__fontspec_tmp_int=\count179
\l__fontspec_tmpa_int=\count180
\l__fontspec_tmpb_int=\count181
\l__fontspec_tmpc_int=\count182
\l__fontspec_em_int=\count183
\l__fontspec_emdef_int=\count184
\l__fontspec_strong_int=\count185
\l__fontspec_strongdef_int=\count186
\l__fontspec_tmpa_dim=\dimen135
\l__fontspec_tmpb_dim=\dimen136
\l__fontspec_tmpc_dim=\dimen137

(/usr/share/texmf-dist/tex/latex/base/fontenc.sty
Package: fontenc 2018/08/11 v2.0j Standard LaTeX package

(/usr/share/texmf-dist/tex/latex/base/tuenc.def
File: tuenc.def 2018/08/11 v2.0j Standard LaTeX file
LaTeX Font Info:    Redeclaring font encoding TU on input line 82.
))
(/usr/share/texmf-dist/tex/latex/fontspec/fontspec.cfg)
LaTeX Info: Redefining \itshape on input line 3785.
LaTeX Info: Redefining \slshape on input line 3790.
LaTeX Info: Redefining \scshape on input line 3795.
LaTeX Info: Redefining \upshape on input line 3800.
LaTeX Info: Redefining \em on input line 3830.
LaTeX Info: Redefining \emph on input line 3855.
))
(/usr/share/texmf-dist/tex/latex/comment/comment.sty
\CommentStream=\write3

Excluding comment 'comment')
luaotfload | cache : Lookup cache loaded from /home/spirou/.texlive/texmf-var/lu
atex-cache/generic/names/luaotfload-lookup-cache.luc.
luaotfload | aux : font no 29 (nil) defines no feature for script latn
luaotfload | aux : no font with id 29
luaotfload | aux : font no 29 (nil) defines no feature for script dflt
luaotfload | aux : no font with id 29

Package fontspec Info: Font family 'courier-prime(0)' created for font
(fontspec)             'courier-prime' with options [Ligatures=TeX].
(fontspec)              
(fontspec)              This font family consists of the following NFSS
(fontspec)             series/shapes:
(fontspec)              
(fontspec)             - 'normal' (m/n) with NFSS spec.:
(fontspec)             <->"courier-prime:mode=node;+tlig;"
(fontspec)             - 'small caps'  (m/sc) with NFSS spec.: 
(fontspec)             - 'bold' (bx/n) with NFSS spec.:
(fontspec)             <->"courier-prime/B:mode=node;+tlig;"
(fontspec)             - 'bold small caps'  (bx/sc) with NFSS spec.: 
(fontspec)             - 'italic' (m/it) with NFSS spec.:
(fontspec)             <->"courier-prime/I:mode=node;+tlig;"
(fontspec)             - 'italic small caps'  (m/itsc) with NFSS spec.: 
(fontspec)             - 'bold italic' (bx/it) with NFSS spec.:
(fontspec)             <->"courier-prime/BI:mode=node;+tlig;"
(fontspec)             - 'bold italic small caps'  (bx/itsc) with NFSS spec.: 

LaTeX Info: Redefining \rmfamily on input line 6.
 (./master.aux)
\openout1 = master.aux

LaTeX Font Info:    Checking defaults for OML/cmm/m/it on input line 7.
LaTeX Font Info:    ... okay on input line 7.
LaTeX Font Info:    Checking defaults for T1/cmr/m/n on input line 7.
LaTeX Font Info:    ... okay on input line 7.
LaTeX Font Info:    Checking defaults for OT1/cmr/m/n on input line 7.
LaTeX Font Info:    ... okay on input line 7.
LaTeX Font Info:    Checking defaults for OMS/cmsy/m/n on input line 7.
LaTeX Font Info:    ... okay on input line 7.
LaTeX Font Info:    Checking defaults for TU/lmr/m/n on input line 7.
LaTeX Font Info:    ... okay on input line 7.
LaTeX Font Info:    Checking defaults for OMX/cmex/m/n on input line 7.
LaTeX Font Info:    ... okay on input line 7.
LaTeX Font Info:    Checking defaults for U/cmr/m/n on input line 7.
LaTeX Font Info:    ... okay on input line 7.

Package fontspec Info: Adjusting the maths setup (use [no-math] to avoid
(fontspec)             this).

\symlegacymaths=\mathgroup4
LaTeX Font Info:    Overwriting symbol font `legacymaths' in version `bold'
(Font)                  OT1/cmr/m/n --> OT1/cmr/bx/n on input line 7.
LaTeX Font Info:    Redeclaring math accent \acute on input line 7.
LaTeX Font Info:    Redeclaring math accent \grave on input line 7.
LaTeX Font Info:    Redeclaring math accent \ddot on input line 7.
LaTeX Font Info:    Redeclaring math accent \tilde on input line 7.
LaTeX Font Info:    Redeclaring math accent \bar on input line 7.
LaTeX Font Info:    Redeclaring math accent \breve on input line 7.
LaTeX Font Info:    Redeclaring math accent \check on input line 7.
LaTeX Font Info:    Redeclaring math accent \hat on input line 7.
LaTeX Font Info:    Redeclaring math accent \dot on input line 7.
LaTeX Font Info:    Redeclaring math accent \mathring on input line 7.
LaTeX Font Info:    Redeclaring math symbol \colon on input line 7.
LaTeX Font Info:    Redeclaring math symbol \Gamma on input line 7.
LaTeX Font Info:    Redeclaring math symbol \Delta on input line 7.
LaTeX Font Info:    Redeclaring math symbol \Theta on input line 7.
LaTeX Font Info:    Redeclaring math symbol \Lambda on input line 7.
LaTeX Font Info:    Redeclaring math symbol \Xi on input line 7.
LaTeX Font Info:    Redeclaring math symbol \Pi on input line 7.
LaTeX Font Info:    Redeclaring math symbol \Sigma on input line 7.
LaTeX Font Info:    Redeclaring math symbol \Upsilon on input line 7.
LaTeX Font Info:    Redeclaring math symbol \Phi on input line 7.
LaTeX Font Info:    Redeclaring math symbol \Psi on input line 7.
LaTeX Font Info:    Redeclaring math symbol \Omega on input line 7.
LaTeX Font Info:    Redeclaring math symbol \mathdollar on input line 7.
LaTeX Font Info:    Redeclaring symbol font `operators' on input line 7.
LaTeX Font Info:    Encoding `OT1' has changed to `TU' for symbol font
(Font)              `operators' in the math version `normal' on input line 7.
LaTeX Font Info:    Overwriting symbol font `operators' in version `normal'
(Font)                  OT1/cmr/m/n --> TU/courier-prime(0)/m/n on input line 7.

LaTeX Font Info:    Encoding `OT1' has changed to `TU' for symbol font
(Font)              `operators' in the math version `bold' on input line 7.
LaTeX Font Info:    Overwriting symbol font `operators' in version `bold'
(Font)                  OT1/cmr/bx/n --> TU/courier-prime(0)/m/n on input line 7
.
LaTeX Font Info:    Overwriting symbol font `operators' in version `normal'
(Font)                  TU/courier-prime(0)/m/n --> TU/courier-prime(0)/m/n on i
nput line 7.
LaTeX Font Info:    Overwriting math alphabet `\mathit' in version `normal'
(Font)                  OT1/cmr/m/it --> TU/courier-prime(0)/m/it on input line 
7.
LaTeX Font Info:    Overwriting math alphabet `\mathbf' in version `normal'
(Font)                  OT1/cmr/bx/n --> TU/courier-prime(0)/bx/n on input line 
7.
LaTeX Font Info:    Overwriting math alphabet `\mathsf' in version `normal'
(Font)                  OT1/cmss/m/n --> TU/lmss/m/n on input line 7.
LaTeX Font Info:    Overwriting math alphabet `\mathtt' in version `normal'
(Font)                  OT1/cmtt/m/n --> TU/lmtt/m/n on input line 7.
LaTeX Font Info:    Overwriting symbol font `operators' in version `bold'
(Font)                  TU/courier-prime(0)/m/n --> TU/courier-prime(0)/bx/n on 
input line 7.
LaTeX Font Info:    Overwriting math alphabet `\mathit' in version `bold'
(Font)                  OT1/cmr/bx/it --> TU/courier-prime(0)/bx/it on input lin
e 7.
LaTeX Font Info:    Overwriting math alphabet `\mathsf' in version `bold'
(Font)                  OT1/cmss/bx/n --> TU/lmss/bx/n on input line 7.
LaTeX Font Info:    Overwriting math alphabet `\mathtt' in version `bold'
(Font)                  OT1/cmtt/m/n --> TU/lmtt/bx/n on input line 7.
 (./pills.tex
Underfull \hbox (badness 10000) in paragraph at lines 1--4

 []


Underfull \hbox (badness 10000) in paragraph at lines 5--8

 []


Underfull \hbox (badness 10000) in paragraph at lines 9--12

 []


Underfull \hbox (badness 10000) in paragraph at lines 13--17

 []


Underfull \hbox (badness 10000) in paragraph at lines 18--22

 []


Underfull \hbox (badness 10000) in paragraph at lines 23--26

 []


Underfull \hbox (badness 10000) in paragraph at lines 27--29

 []


Underfull \hbox (badness 10000) in paragraph at lines 30--32

 []

) [1


{/var/lib/texmf/fonts/map/pdftex/updmap/pdftex.map}] (./morning.tex
Underfull \hbox (badness 10000) in paragraph at lines 1--18

 []


Underfull \hbox (badness 10000) in paragraph at lines 19--22

 []

)
Overfull \hbox (5.77148pt too wide) in paragraph at lines 23--22
\TU/courier-prime(0)/m/n/9 in the night it was still the same old story un-till
 an even older
 []

[2

] (./brunch.tex
Overfull \hbox (0.375pt too wide) in paragraph at lines 1--19
\TU/courier-prime(0)/m/n/9 pre-urinal con-ver-sa-tions and post coital re-fresh
ed pu-rity in all
 []


Underfull \hbox (badness 10000) in paragraph at lines 1--19

 []

)
Underfull \hbox (badness 10000) in paragraph at lines 21--25

 []


Overfull \hbox (27.35742pt too wide) in paragraph at lines 26--29
\TU/courier-prime(0)/m/n/9 ou en-core pire, en quoi con-siste une av-o-cate. de
s lois il y a maintes 
 []

[3

] (./Nid.tex
Overfull \hbox (0.375pt too wide) in paragraph at lines 1--6
\TU/courier-prime(0)/m/n/9 Pour Jolie c’est la dernière et six-ième an-née
 à Mon-tréal elle se
 []


Overfull \hbox (5.77148pt too wide) in paragraph at lines 1--6
\TU/courier-prime(0)/m/n/9 trouve au même nid depuis deux étés. Trois col-lo
-ques, toutes gen-
 []


Overfull \hbox (5.77148pt too wide) in paragraph at lines 1--6
\TU/courier-prime(0)/m/n/9 tilles, le grille pain est ef-fi-cace, il y a une pe
-tite ga-lerie en
 []


Overfull \hbox (5.77148pt too wide) in paragraph at lines 1--6
\TU/courier-prime(0)/m/n/9 avant avec un set de pa-tio éclec-tique, des tas de
 coussins et des
 []


Underfull \hbox (badness 10000) in paragraph at lines 1--6

 []


Overfull \hbox (14.01341pt too wide) in paragraph at lines 7--13
[]\TU/courier-prime(0)/m/n/9 C’est le début de l’été elle s’as-soit su
r l’un des fau-teuils, fait
 []


Overfull \hbox (21.96094pt too wide) in paragraph at lines 7--13
\TU/courier-prime(0)/m/n/9 ses lec-tures en après-midi. Elle a ap-porté avec 
elle de-hors quelques
 []


Overfull \hbox (5.77148pt too wide) in paragraph at lines 7--13
\TU/courier-prime(0)/m/n/9 vol-umes de poésie et des re-vues type national-geo
graphic avec des
 []


Overfull \hbox (0.375pt too wide) in paragraph at lines 7--13
\TU/courier-prime(0)/m/n/9 grandes pho-tos de mam-mifères marins im-menses et 
pais-i-bles et des
 []


Overfull \hbox (0.375pt too wide) in paragraph at lines 7--13
\TU/courier-prime(0)/m/n/9 chutes d’eau trop-i-cales comme si c’était le m
onde dans lequel on
 []


Underfull \hbox (badness 10000) in paragraph at lines 7--13

 []


Overfull \hbox (3.22044pt too wide) in paragraph at lines 14--23
[]\TU/courier-prime(0)/m/n/9 La rue Cas-grain lui fait face elle prend une paus
e pour s’étirer
 []


Overfull \hbox (5.77148pt too wide) in paragraph at lines 14--23
\TU/courier-prime(0)/m/n/9 une heure ou deux après s’être réveil-lée, boi
t un café et fait du
 []


Overfull \hbox (16.56445pt too wide) in paragraph at lines 14--23
\TU/courier-prime(0)/m/n/9 peo-ple watch-ing en mangeant une courge spaghetti. 
Elle range un peu
 []


Overfull \hbox (11.16797pt too wide) in paragraph at lines 14--23
\TU/courier-prime(0)/m/n/9 les coussins, taponne le tout, un bol de salade au c
ous-cous traîne
 []


Overfull \hbox (16.56445pt too wide) in paragraph at lines 14--23
\TU/courier-prime(0)/m/n/9 quelque part, une dernière bouchée, le soleil ne d
e-vrait pas tarder
 []


Overfull \hbox (5.77148pt too wide) in paragraph at lines 14--23
\TU/courier-prime(0)/m/n/9 à s’étein-dre. Depuis qua-tre ou cinq mois c’e
st Cé-dric qui vis-ite,
 []


Overfull \hbox (11.16797pt too wide) in paragraph at lines 14--23
\TU/courier-prime(0)/m/n/9 plus je-une de quelques an-nées, il est mignon et g
en-til quelque peu
 []


Overfull \hbox (5.77148pt too wide) in paragraph at lines 14--23
\TU/courier-prime(0)/m/n/9 naïf et anx-ieux, mais il sé-duit avec ses yeux nu
ageux d’ailleurs,
 []


Underfull \hbox (badness 10000) in paragraph at lines 14--23

 []


Overfull \hbox (14.01341pt too wide) in paragraph at lines 24--38
[]\TU/courier-prime(0)/m/n/9 Il débar-que de son vélo lui glisse un sourire s
’assied a terre lui
 []


Overfull \hbox (16.56445pt too wide) in paragraph at lines 24--38
\TU/courier-prime(0)/m/n/9 de-mande de racon-ter sa journée. Il reste de la lu
-mière ils en prof-
 []


Overfull \hbox (5.77148pt too wide) in paragraph at lines 24--38
\TU/courier-prime(0)/m/n/9 i-tent pour en faire de l’el-lipse le temps ça se
 ca-resse ça se do-
 []


Overfull \hbox (16.56445pt too wide) in paragraph at lines 24--38
\TU/courier-prime(0)/m/n/9 mes-tique, on lui donne des com-man-des avec des bis
-cuits et du choco-
 []


Overfull \hbox (21.96094pt too wide) in paragraph at lines 24--38
\TU/courier-prime(0)/m/n/9 lat les min-utes grésil-lent comme un bruit blanc l
e ciel délavé vieux
 []


Overfull \hbox (11.16797pt too wide) in paragraph at lines 24--38
\TU/courier-prime(0)/m/n/9 jeans. La cham-bre est à repein-dre juste les bo-be
ttes à remet-tre il
 []


Overfull \hbox (0.375pt too wide) in paragraph at lines 24--38
\TU/courier-prime(0)/m/n/9 en met partout il se tache et elle se fout de sa gue
ule il n’est
 []


Overfull \hbox (21.96094pt too wide) in paragraph at lines 24--38
\TU/courier-prime(0)/m/n/9 pas doué. La pizza est à terre Jolie aussi, as-sis
e en lo-tus la bière
 []


Overfull \hbox (16.56445pt too wide) in paragraph at lines 24--38
\TU/courier-prime(0)/m/n/9 aux lèvres. Ça finit dans le lit, même si l’ode
ur de pein-ture c’est
 []


Overfull \hbox (11.16797pt too wide) in paragraph at lines 24--38
\TU/courier-prime(0)/m/n/9 pas gé-nial c’est l’été faut bien se gâter s
e faire du bien. Ils se
 []


Overfull \hbox (0.375pt too wide) in paragraph at lines 24--38
\TU/courier-prime(0)/m/n/9 promè-nent et mordil-lent les draps les draps vo-le
nt Jolie chante.
 []


Overfull \hbox (16.56445pt too wide) in paragraph at lines 24--38
\TU/courier-prime(0)/m/n/9 C’est sim-ple et col-lant, ils s’en-dor-ment, co
uchés en croix une tête
 []


Overfull \hbox (43.54688pt too wide) in paragraph at lines 24--38
\TU/courier-prime(0)/m/n/9 sur le ven-tre de l’autre, des or-eillers qui tra
î-nent. Un peu de musique,
 []


Underfull \hbox (badness 10000) in paragraph at lines 24--38

 []


Overfull \hbox (14.01341pt too wide) in paragraph at lines 39--40
[]\TU/courier-prime(0)/m/n/9 Elle a un soupir, le chien aussi. Les deux ri-ent,
 ils s’en-dor-ment. 
 []

[4

] Excluding 'comment' comment.) (./dialoguePostNid.tex
Overfull \hbox (5.77148pt too wide) in paragraph at lines 3--4
\TU/courier-prime(0)/m/it/9 Jolie et Cé-dric, à moitiés en-dormis dans le li
t, les draps blancs
 []


Overfull \hbox (21.96094pt too wide) in paragraph at lines 3--4
\TU/courier-prime(0)/m/it/9 épars, légers, la dernière lueure de la journée
 a passé mais il fait
 []


Overfull \hbox (16.56445pt too wide) in paragraph at lines 5--24
\TU/courier-prime(0)/m/n/9 Et si j’avais loucher quand on s’était ren-con-
tré, je t’au-rais quand
 []


Overfull \hbox (11.16797pt too wide) in paragraph at lines 5--24
\TU/courier-prime(0)/m/n/9 Si met-tons, quand on s’était ren-con-tré j’av
ais eu qu’un seul sour-
 []


Overfull \hbox (16.56445pt too wide) in paragraph at lines 5--24
\TU/courier-prime(0)/m/n/9 si j’avais été para-plégique ? Ou mieux ! une
 femme tronc, sans bras
 []


Overfull \hbox (0.375pt too wide) in paragraph at lines 5--24
\TU/courier-prime(0)/m/n/9 ni jambe ? Ça T’au-rais ex-cité ? Tu au-rais p
ensé me faire l’amour
 []


Overfull \hbox (0.375pt too wide) in paragraph at lines 5--24
\TU/courier-prime(0)/m/n/9 quand même quand nos re-gards se sont croisés à l
’orée d’une ban-
 []


Underfull \hbox (badness 10000) in paragraph at lines 5--24

 []


Underfull \hbox (badness 10000) in paragraph at lines 25--27

 []


Overfull \hbox (14.01341pt too wide) in paragraph at lines 34--36
[]\TU/courier-prime(0)/m/it/9 La nuit, une chan-delle qui lui au coin in-térie
ur du bain sur pieds
 []


Overfull \hbox (0.375pt too wide) in paragraph at lines 34--36
\TU/courier-prime(0)/m/it/9 dorés ro-co-cos. J. à moitié en-dormie la tête 
ac-cotée de bi-ais sur
 []


Overfull \hbox (21.96094pt too wide) in paragraph at lines 34--36
\TU/courier-prime(0)/m/it/9 la paroi. Une vieille ra-dio qui sort de la musique
 d’am-biance, style
 []


Overfull \hbox (0.375pt too wide) in paragraph at lines 34--36
\TU/courier-prime(0)/m/it/9 Brian Eno. La lu-mière jau-nie du lam-padaire de C
as-grain qui lèche
 []


Overfull \hbox (5.77148pt too wide) in paragraph at lines 34--36
\TU/courier-prime(0)/m/it/9 la fenêtre, 3 pieds de long, haute de 2. C af-fal
é sur le tapis de
 []


Overfull \hbox (0.375pt too wide) in paragraph at lines 37--72
\TU/courier-prime(0)/m/n/9 Écoute moi la, tu dors tu caliss, com-ment est-ce q
ue t’ar-rives à
 []


Overfull \hbox (11.16797pt too wide) in paragraph at lines 37--72
\TU/courier-prime(0)/m/n/9 rien je me suis juste ren-due compte de com-ment on 
était bien , la,
 []


Overfull \hbox (5.77148pt too wide) in paragraph at lines 37--72
\TU/courier-prime(0)/m/n/9 juste la, et je voulais partager…mais non msieur d
ort, a terre en
 []


Overfull \hbox (0.375pt too wide) in paragraph at lines 37--72
\TU/courier-prime(0)/m/n/9 t’en en a man-qué des boutes jpense, c’est quoi
 qui s’est en-dormi
 []


Overfull \hbox (16.56445pt too wide) in paragraph at lines 37--72
\TU/courier-prime(0)/m/n/9 en pre-mier, j’étais ren-tré te re-join-dre pour
 jaser avant de dormir,
 []


Overfull \hbox (0.375pt too wide) in paragraph at lines 37--72
\TU/courier-prime(0)/m/n/9 t’a fini par mar-mon-ner dans le bout de tes lèvr
es pen-dant que je
 []


Overfull \hbox (16.56445pt too wide) in paragraph at lines 37--72
\TU/courier-prime(0)/m/n/9 te flat-tais les cheveux, jvoulais pas te laisser do
rmir toute seule
 []


Overfull \hbox (0.375pt too wide) in paragraph at lines 37--72
\TU/courier-prime(0)/m/n/9 euh, ouais met-tons, c’est surtout dan-gereux met-
tons, dormir dans
 []


Overfull \hbox (5.77148pt too wide) in paragraph at lines 37--72
\TU/courier-prime(0)/m/n/9 jte dis ça l’ar-rive, toute façon c’est quoi l
’idée de dormir dans
 []


Overfull \hbox (0.375pt too wide) in paragraph at lines 37--72
\TU/courier-prime(0)/m/it/9 C se replie lente-ment, recule en glis-sant et s
’ac-cote le dos sur
 []


Overfull \hbox (11.16797pt too wide) in paragraph at lines 37--72
\TU/courier-prime(0)/m/it/9 la porte \TU/courier-prime(0)/m/n/9 en plus ouais 
…!, non mais ça peux faire des dé-gats d’eau
 []


Overfull \hbox (5.77148pt too wide) in paragraph at lines 37--72
\TU/courier-prime(0)/m/n/9 tu sais, si tu t’en-dors les pieds au dessus des r
obi-nets de même,
 []


Overfull \hbox (5.77148pt too wide) in paragraph at lines 37--72
\TU/courier-prime(0)/m/n/9 eille sérieux, tu sonnes comme une noune crisse-men
t frip-pée en ce
 []


Overfull \hbox (16.56445pt too wide) in paragraph at lines 37--72
\TU/courier-prime(0)/m/n/9 Oui par-faite-ment, il y en qui s’en-dor-ment avec
 une clope et foutent
 []


Overfull \hbox (16.56445pt too wide) in paragraph at lines 37--72
\TU/courier-prime(0)/m/n/9 le feu…et il y a Jolie qui s’en-dort dans le bai
n en écoutant du Eno 
 []


Overfull \hbox (11.16797pt too wide) in paragraph at lines 37--72
\TU/courier-prime(0)/m/n/9 ohhh t’es cute tu dis n’im-porte quoi, vient don
c me faire un calin 
 []

[5


])
Overfull \hbox (5.77148pt too wide) in paragraph at lines 73--37
\TU/courier-prime(0)/m/n/9 On était 5 amis, dans un bar, au coins de st-lauren
t je crois. Je
 []


Overfull \hbox (16.56445pt too wide) in paragraph at lines 73--37
\TU/courier-prime(0)/m/n/9 J’étais tout seul chez moi et je ve-nais de fumer
 un pa-quet de boute
 []


Overfull \hbox (16.56445pt too wide) in paragraph at lines 73--37
\TU/courier-prime(0)/m/n/9 en boute, Mes poumons goutaient le sul-fur et j’av
ais ou-blié la rai-
 []

[6] [7] (./master.aux))

Here is how much of LuaTeX's memory you used:
 12243 strings out of 493864
 100000,383344 words of node,token memory allocated
 410 words of node memory still in use:
   3 hlist, 1 vlist, 1 rule, 2 glue, 3 kern, 1 glyph, 5 attribute, 48 glue_spec,
 5 attribute_list, 1 write nodes
   avail lists: 1:1,2:109,3:108,4:1,5:26,6:11,7:3177,9:78,11:90
 16823 multiletter control sequences out of 65536+600000
 43 fonts using 6791279 bytes
 52i,4n,71p,340b,429s stack positions out of 5000i,500n,10000p,200000b,100000s
</usr/share/fonts/TTF/Courier Prime Italic.ttf></usr/share/fonts/TTF/Courier Pri
me.ttf></usr/share/fonts/TTF/Courier Prime Bold.ttf>
Output written on master.pdf (7 pages, 58396 bytes).

PDF statistics: 47 PDF objects out of 1000 (max. 8388607)
 28 compressed objects within 1 object stream
 0 named destinations out of 1000 (max. 131072)
 1 words of extra memory for PDF output out of 10000 (max. 100000000)

